<?xml version="1.0" encoding="UTF-8"?>
<testng-results skipped="0" failed="0" total="1" passed="1">
  <reporter-output>
  </reporter-output>
  <suite name="Suite" duration-ms="6173" started-at="2016-11-22T10:42:59Z" finished-at="2016-11-22T10:43:06Z">
    <groups>
    </groups>
    <test name="Test" duration-ms="6173" started-at="2016-11-22T10:42:59Z" finished-at="2016-11-22T10:43:06Z">
      <class name="com.jenkins.demo.DemoClass1">
        <test-method status="PASS" signature="jenkins()[pri:0, instance:com.jenkins.demo.DemoClass1@402f32ff]" name="jenkins" duration-ms="6141" started-at="2016-11-22T16:12:59Z" finished-at="2016-11-22T16:13:06Z">
          <reporter-output>
          </reporter-output>
        </test-method> <!-- jenkins -->
      </class> <!-- com.jenkins.demo.DemoClass1 -->
    </test> <!-- Test -->
  </suite> <!-- Suite -->
</testng-results>
